<?xml version="1.0" encoding="UTF-8"?>
<testsuite xmlns:xsi="http://www.w3.org/2001/XMLSchema-instance" xsi:noNamespaceSchemaLocation="https://maven.apache.org/surefire/maven-surefire-plugin/xsd/surefire-test-report-3.0.xsd" version="3.0" name="TestSuite" time="101.841" tests="7" errors="0" skipped="0" failures="2">
  <properties>
[...]
</properties>
  <testcase name="test1" classname="com.selenium.testng.TestNG_Enabled" time="5.809">
    <system-err><![CDATA[SLF4J: No SLF4J providers were found.
SLF4J: Defaulting to no-operation (NOP) logger implementation
SLF4J: See https://www.slf4j.org/codes.html#noProviders for further details.
1708437813203	geckodriver	INFO	Listening on 127.0.0.1:19584
1708437814069	mozrunner::runner	INFO	Running command: "C:\\Program Files\\Mozilla Firefox\\firefox.exe" "--marionette" "-no-remote" "-profile" "C:\\Users\\KARENA~1\\AppData\\Local\\Temp\\rust_mozprofilehFEaHZ"
console.warn: services.settings: Ignoring preference override of remote settings server
console.warn: services.settings: Allow by setting MOZ_REMOTE_SETTINGS_DEVTOOLS=1 in the environment
1708437814822	Marionette	INFO	Marionette enabled
Dynamically enable window occlusion 0
1708437815066	Marionette	INFO	Listening on port 58826
Read port: 58826
1708437815620	RemoteAgent	WARN	TLS certificate errors will be ignored for this session
Feb 20, 2024 7:33:39 PM org.openqa.selenium.remote.ProtocolHandshake createSession
INFO: Detected dialect: W3C
JavaScript warning: https://z.moatads.com/zenithglobaloracledcm444268370365/moatad.js#moatClientLevel1=1106306&moatClientLevel2=30994851&moatClientLevel3=385654670&moatClientLevel4=208312844&moatClientSlicer1=6604461&zMoatG=ct=IN&st=&city=7314&dma=0&zp=600096&bw=4&zMoatUSER=0, line 329: WEBGL_debug_renderer_info is deprecated in Firefox and will be removed. Please use RENDERER.
JavaScript warning: https://pagead2.googlesyndication.com/bg/Ke811GU8D9oP10uMu54EDqWuI5DGCOjC6vNIGcZJ2dY.js line 2 > eval line 7746 > eval line 1 > eval line 1 > eval, line 1: WEBGL_debug_renderer_info is deprecated in Firefox and will be removed. Please use RENDERER.
JavaScript warning: https://pagead2.googlesyndication.com/bg/O0fxLlxGdVrwDA1P0v8IbiijzEhqz-qxiFTNg42x2Ow.js line 2 > eval line 5678 > eval line 1 > eval line 1 > eval, line 1: WEBGL_debug_renderer_info is deprecated in Firefox and will be removed. Please use RENDERER.
1708437824839	Marionette	WARN	TimedPromise timed out after 500 ms: stacktrace:
TimedPromise/<@chrome://remote/content/marionette/sync.sys.mjs:219:24
TimedPromise@chrome://remote/content/marionette/sync.sys.mjs:203:10
interaction.flushEventLoop@chrome://remote/content/marionette/interaction.sys.mjs:468:10
webdriverClickElement@chrome://remote/content/marionette/interaction.sys.mjs:219:33
]]></system-err>
  </testcase>
  <testcase name="test3" classname="com.selenium.testng.TestNG_Enabled" time="5.644">
    <system-err><![CDATA[1708437851698	Marionette	INFO	Stopped listening on port 58900
JavaScript warning: https://pagead2.googlesyndication.com/bg/Ke811GU8D9oP10uMu54EDqWuI5DGCOjC6vNIGcZJ2dY.js line 2 > eval line 3353 > eval line 1 > eval line 1 > eval, line 1: WEBGL_debug_renderer_info is deprecated in Firefox and will be removed. Please use RENDERER.
JavaScript warning: https://tpc.googlesyndication.com/sodar/sodar2.js, line 35: Script terminated by timeout at:
Ha/this.i</b.port.onmessage@https://tpc.googlesyndication.com/sodar/sodar2.js:35:374

JavaScript warning: https://pagead2.googlesyndication.com/bg/O0fxLlxGdVrwDA1P0v8IbiijzEhqz-qxiFTNg42x2Ow.js line 2 > eval line 7788 > eval line 1 > eval, line 1: Script terminated by timeout at:
@https://pagead2.googlesyndication.com/bg/O0fxLlxGdVrwDA1P0v8IbiijzEhqz-qxiFTNg42x2Ow.js line 2 > eval line 7788 > eval line 1 > eval:1:39
@https://pagead2.googlesyndication.com/bg/O0fxLlxGdVrwDA1P0v8IbiijzEhqz-qxiFTNg42x2Ow.js line 2 > eval line 7788 > eval:1:90
@https://pagead2.googlesyndication.com/bg/O0fxLlxGdVrwDA1P0v8IbiijzEhqz-qxiFTNg42x2Ow.js line 2 > eval line 7788 > eval:1:98
Ar@https://pagead2.googlesyndication.com/bg/O0fxLlxGdVrwDA1P0v8IbiijzEhqz-qxiFTNg42x2Ow.js line 2 > eval:7788:19959
WM@https://pagead2.googlesyndication.com/bg/O0fxLlxGdVrwDA1P0v8IbiijzEhqz-qxiFTNg42x2Ow.js line 2 > eval:7788:33032
y.l</<@https://pagead2.googlesyndication.com/bg/O0fxLlxGdVrwDA1P0v8IbiijzEhqz-qxiFTNg42x2Ow.js line 2 > eval:7788:48486
qR@https://pagead2.googlesyndication.com/bg/O0fxLlxGdVrwDA1P0v8IbiijzEhqz-qxiFTNg42x2Ow.js line 2 > eval:7788:32242
X4@https://pagead2.googlesyndication.com/bg/O0fxLlxGdVrwDA1P0v8IbiijzEhqz-qxiFTNg42x2Ow.js line 2 > eval:7788:1273
Lu@https://pagead2.googlesyndication.com/bg/O0fxLlxGdVrwDA1P0v8IbiijzEhqz-qxiFTNg42x2Ow.js line 2 > eval:7788:13020
X4/<@https://pagead2.googlesyndication.com/bg/O0fxLlxGdVrwDA1P0v8IbiijzEhqz-qxiFTNg42x2Ow.js line 2 > eval:7788:1319
at</<@https://pagead2.googlesyndication.com/bg/O0fxLlxGdVrwDA1P0v8IbiijzEhqz-qxiFTNg42x2Ow.js line 2 > eval:7788:46039

JavaScript warning: https://z.moatads.com/zenithglobaloracledcm444268370365/moatad.js#moatClientLevel1=1106306&moatClientLevel2=30994851&moatClientLevel3=385654670&moatClientLevel4=208312844&moatClientSlicer1=6604461&zMoatG=ct=IN&st=&city=7314&dma=0&zp=600096&bw=4&zMoatUSER=0, line 531: Script terminated by timeout at:
a.m.f@https://z.moatads.com/zenithglobaloracledcm444268370365/moatad.js#moatClientLevel1=1106306&moatClientLevel2=30994851&moatClientLevel3=385654670&moatClientLevel4=208312844&moatClientSlicer1=6604461&zMoatG=ct=IN&st=&city=7314&dma=0&zp=600096&bw=4&zMoatUSER=0:531:372
b/<@https://z.moatads.com/zenithglobaloracledcm444268370365/moatad.js#moatClientLevel1=1106306&moatClientLevel2=30994851&moatClientLevel3=385654670&moatClientLevel4=208312844&moatClientSlicer1=6604461&zMoatG=ct=IN&st=&city=7314&dma=0&zp=600096&bw=4&zMoatUSER=0:73:319

Dynamically enable window occlusion 1
JavaScript warning: https://pagead2.googlesyndication.com/bg/O0fxLlxGdVrwDA1P0v8IbiijzEhqz-qxiFTNg42x2Ow.js line 2 > eval line 1821 > eval line 1 > eval line 1 > eval, line 1: WEBGL_debug_renderer_info is deprecated in Firefox and will be removed. Please use RENDERER.
1708437855402	geckodriver	INFO	Listening on 127.0.0.1:43376
1708437855808	mozrunner::runner	INFO	Running command: "C:\\Program Files\\Mozilla Firefox\\firefox.exe" "--marionette" "-no-remote" "-profile" "C:\\Users\\KARENA~1\\AppData\\Local\\Temp\\rust_mozprofileGMv52M"
console.warn: services.settings: Ignoring preference override of remote settings server
console.warn: services.settings: Allow by setting MOZ_REMOTE_SETTINGS_DEVTOOLS=1 in the environment
1708437856818	Marionette	INFO	Marionette enabled
Dynamically enable window occlusion 0
1708437857153	Marionette	INFO	Listening on port 58963
Read port: 58963
1708437857997	RemoteAgent	WARN	TLS certificate errors will be ignored for this session
Feb 20, 2024 7:34:22 PM org.openqa.selenium.remote.ProtocolHandshake createSession
INFO: Detected dialect: W3C
JavaScript error: https://s0.2mdn.net/sadbundle/11222214736552834675/Inbox/index.html?ev=01_250, line 284: TypeError: studio.Enabler is undefined
1708437867900	Marionette	WARN	TimedPromise timed out after 500 ms: stacktrace:
TimedPromise/<@chrome://remote/content/marionette/sync.sys.mjs:219:24
TimedPromise@chrome://remote/content/marionette/sync.sys.mjs:203:10
interaction.flushEventLoop@chrome://remote/content/marionette/interaction.sys.mjs:468:10
webdriverClickElement@chrome://remote/content/marionette/interaction.sys.mjs:219:33
]]></system-err>
  </testcase>
  <testcase name="test2" classname="com.selenium.testng.TestNG_Enabled" time="6.112">
    <system-out><![CDATA[Please enter your name
]]></system-out>
    <system-err><![CDATA[1708437872832	Marionette	INFO	Stopped listening on port 58963
JavaScript warning: https://pagead2.googlesyndication.com/pagead/js/dv3.js, line 165: Script terminated by timeout at:
Fj/<@https://pagead2.googlesyndication.com/pagead/js/dv3.js:165:156
Fj@https://pagead2.googlesyndication.com/pagead/js/dv3.js:165:127
Mj@https://pagead2.googlesyndication.com/pagead/js/dv3.js:165:1049
ig/</<@https://pagead2.googlesyndication.com/pagead/js/dv3.js:107:128
gg@https://pagead2.googlesyndication.com/pagead/js/dv3.js:106:419
ig/<@https://pagead2.googlesyndication.com/pagead/js/dv3.js:107:105
@https://pagead2.googlesyndication.com/pagead/js/dv3.js:170:353

JavaScript warning: https://pagead2.googlesyndication.com/bg/Ke811GU8D9oP10uMu54EDqWuI5DGCOjC6vNIGcZJ2dY.js line 2 > eval line 1555 > eval line 1 > eval line 1 > eval, line 1: Script terminated by timeout at:
H@https://pagead2.googlesyndication.com/bg/Ke811GU8D9oP10uMu54EDqWuI5DGCOjC6vNIGcZJ2dY.js line 2 > eval line 1555 > eval line 1 > eval line 1 > eval:1:24
@https://pagead2.googlesyndication.com/bg/Ke811GU8D9oP10uMu54EDqWuI5DGCOjC6vNIGcZJ2dY.js line 2 > eval line 1555 > eval line 1 > eval line 1 > eval:1:109
Ev@https://pagead2.googlesyndication.com/bg/Ke811GU8D9oP10uMu54EDqWuI5DGCOjC6vNIGcZJ2dY.js line 2 > eval line 1555 > eval line 1 > eval line 1 > eval:1:192
oo@https://pagead2.googlesyndication.com/bg/Ke811GU8D9oP10uMu54EDqWuI5DGCOjC6vNIGcZJ2dY.js line 2 > eval line 1555 > eval line 1 > eval line 1 > eval:1:49
r.Z</<@https://pagead2.googlesyndication.com/bg/Ke811GU8D9oP10uMu54EDqWuI5DGCOjC6vNIGcZJ2dY.js line 2 > eval:1555:37761
NU@https://pagead2.googlesyndication.com/bg/Ke811GU8D9oP10uMu54EDqWuI5DGCOjC6vNIGcZJ2dY.js line 2 > eval:1555:23830
q@https://pagead2.googlesyndication.com/bg/Ke811GU8D9oP10uMu54EDqWuI5DGCOjC6vNIGcZJ2dY.js line 2 > eval:1555:9095
B@https://pagead2.googlesyndication.com/bg/Ke811GU8D9oP10uMu54EDqWuI5DGCOjC6vNIGcZJ2dY.js line 2 > eval:1555:13340
q/<@https://pagead2.googlesyndication.com/bg/Ke811GU8D9oP10uMu54EDqWuI5DGCOjC6vNIGcZJ2dY.js line 2 > eval:1555:9160
ZC</<@https://pagead2.googlesyndication.com/bg/Ke811GU8D9oP10uMu54EDqWuI5DGCOjC6vNIGcZJ2dY.js line 2 > eval:1555:35216

Dynamically enable window occlusion 1
1708437875723	geckodriver	INFO	Listening on 127.0.0.1:43503
1708437876250	mozrunner::runner	INFO	Running command: "C:\\Program Files\\Mozilla Firefox\\firefox.exe" "--marionette" "-no-remote" "-profile" "C:\\Users\\KARENA~1\\AppData\\Local\\Temp\\rust_mozprofileMObSJB"
console.warn: services.settings: Ignoring preference override of remote settings server
console.warn: services.settings: Allow by setting MOZ_REMOTE_SETTINGS_DEVTOOLS=1 in the environment
1708437877087	Marionette	INFO	Marionette enabled
Dynamically enable window occlusion 0
1708437877344	Marionette	INFO	Listening on port 59019
Read port: 59019
1708437877919	RemoteAgent	WARN	TLS certificate errors will be ignored for this session
Feb 20, 2024 7:34:42 PM org.openqa.selenium.remote.ProtocolHandshake createSession
INFO: Detected dialect: W3C
JavaScript error: https://s0.2mdn.net/sadbundle/16951367131618172435/250x250/index.html?ev=01_250, line 309: TypeError: studio.Enabler is undefined
JavaScript warning: https://pagead2.googlesyndication.com/bg/O0fxLlxGdVrwDA1P0v8IbiijzEhqz-qxiFTNg42x2Ow.js line 2 > eval line 2739 > eval line 1 > eval line 1 > eval, line 1: WEBGL_debug_renderer_info is deprecated in Firefox and will be removed. Please use RENDERER.
1708437887324	Marionette	WARN	TimedPromise timed out after 500 ms: stacktrace:
TimedPromise/<@chrome://remote/content/marionette/sync.sys.mjs:219:24
TimedPromise@chrome://remote/content/marionette/sync.sys.mjs:203:10
interaction.flushEventLoop@chrome://remote/content/marionette/interaction.sys.mjs:468:10
webdriverClickElement@chrome://remote/content/marionette/interaction.sys.mjs:219:33
]]></system-err>
  </testcase>
  <testcase name="closebrowser" classname="com.selenium.testng.TestNG_Enabled" time="6.347">
    <failure message="Dismissed user prompt dialog: Please enter your name: &#10;Build info: version: &apos;3.141.59&apos;, revision: &apos;e82be7d358&apos;, time: &apos;2018-11-14T08:17:03&apos;&#10;System info: host: &apos;DESKTOP-PJ5JRQT&apos;, ip: &apos;192.168.1.10&apos;, os.name: &apos;Windows 10&apos;, os.arch: &apos;amd64&apos;, os.version: &apos;10.0&apos;, java.version: &apos;1.8.0_251&apos;&#10;Driver info: org.openqa.selenium.firefox.FirefoxDriver&#10;Capabilities {acceptInsecureCerts: true, browserName: firefox, browserVersion: 122.0, javascriptEnabled: true, moz:accessibilityChecks: false, moz:buildID: 20240118164516, moz:geckodriverVersion: 0.34.0, moz:headless: false, moz:platformVersion: 10.0, moz:processID: 12904, moz:profile: C:\Users\KARENA~1\AppData\L..., moz:shutdownTimeout: 60000, moz:webdriverClick: true, moz:windowless: false, pageLoadStrategy: normal, platform: WINDOWS, platformName: WINDOWS, proxy: Proxy(), setWindowRect: true, strictFileInteractability: false, timeouts: {implicit: 0, pageLoad: 300000, script: 30000}, unhandledPromptBehavior: dismiss and notify}&#10;Session ID: 3e361c46-2bdb-4f7b-83b6-649e2936f3c7" type="org.openqa.selenium.UnhandledAlertException"><![CDATA[org.openqa.selenium.UnhandledAlertException: 
Dismissed user prompt dialog: Please enter your name: 
Build info: version: '3.141.59', revision: 'e82be7d358', time: '2018-11-14T08:17:03'
System info: host: 'DESKTOP-PJ5JRQT', ip: '192.168.1.10', os.name: 'Windows 10', os.arch: 'amd64', os.version: '10.0', java.version: '1.8.0_251'
Driver info: org.openqa.selenium.firefox.FirefoxDriver
Capabilities {acceptInsecureCerts: true, browserName: firefox, browserVersion: 122.0, javascriptEnabled: true, moz:accessibilityChecks: false, moz:buildID: 20240118164516, moz:geckodriverVersion: 0.34.0, moz:headless: false, moz:platformVersion: 10.0, moz:processID: 12904, moz:profile: C:\Users\KARENA~1\AppData\L..., moz:shutdownTimeout: 60000, moz:webdriverClick: true, moz:windowless: false, pageLoadStrategy: normal, platform: WINDOWS, platformName: WINDOWS, proxy: Proxy(), setWindowRect: true, strictFileInteractability: false, timeouts: {implicit: 0, pageLoad: 300000, script: 30000}, unhandledPromptBehavior: dismiss and notify}
Session ID: 3e361c46-2bdb-4f7b-83b6-649e2936f3c7
	at org.openqa.selenium.remote.http.W3CHttpResponseCodec.decode(W3CHttpResponseCodec.java:120)
	at org.openqa.selenium.remote.http.W3CHttpResponseCodec.decode(W3CHttpResponseCodec.java:49)
	at org.openqa.selenium.remote.HttpCommandExecutor.execute(HttpCommandExecutor.java:158)
	at org.openqa.selenium.remote.service.DriverCommandExecutor.execute(DriverCommandExecutor.java:83)
	at org.openqa.selenium.remote.RemoteWebDriver.execute(RemoteWebDriver.java:552)
	at org.openqa.selenium.remote.RemoteWebDriver.execute(RemoteWebDriver.java:609)
	at org.openqa.selenium.remote.RemoteWebDriver.close(RemoteWebDriver.java:442)
	at com.selenium.testng.TestNG_Enabled.closebrowser(TestNG_Enabled.java:82)
	at sun.reflect.NativeMethodAccessorImpl.invoke0(Native Method)
	at sun.reflect.NativeMethodAccessorImpl.invoke(NativeMethodAccessorImpl.java:62)
	at sun.reflect.DelegatingMethodAccessorImpl.invoke(DelegatingMethodAccessorImpl.java:43)
	at java.lang.reflect.Method.invoke(Method.java:498)
	at org.testng.internal.MethodInvocationHelper.invokeMethod(MethodInvocationHelper.java:124)
	at org.testng.internal.MethodInvocationHelper.invokeMethodConsideringTimeout(MethodInvocationHelper.java:59)
	at org.testng.internal.Invoker.invokeConfigurationMethod(Invoker.java:458)
	at org.testng.internal.Invoker.invokeConfigurations(Invoker.java:222)
	at org.testng.internal.Invoker.invokeMethod(Invoker.java:646)
	at org.testng.internal.Invoker.invokeTestMethod(Invoker.java:719)
	at org.testng.internal.Invoker.invokeTestMethods(Invoker.java:989)
	at org.testng.internal.TestMethodWorker.invokeTestMethods(TestMethodWorker.java:125)
	at org.testng.internal.TestMethodWorker.run(TestMethodWorker.java:109)
	at org.testng.TestRunner.privateRun(TestRunner.java:648)
	at org.testng.TestRunner.run(TestRunner.java:505)
	at org.testng.SuiteRunner.runTest(SuiteRunner.java:455)
	at org.testng.SuiteRunner.runSequentially(SuiteRunner.java:450)
	at org.testng.SuiteRunner.privateRun(SuiteRunner.java:415)
	at org.testng.SuiteRunner.run(SuiteRunner.java:364)
	at org.testng.SuiteRunnerWorker.runSuite(SuiteRunnerWorker.java:52)
	at org.testng.SuiteRunnerWorker.run(SuiteRunnerWorker.java:84)
	at org.testng.TestNG.runSuitesSequentially(TestNG.java:1208)
	at org.testng.TestNG.runSuitesLocally(TestNG.java:1137)
	at org.testng.TestNG.runSuites(TestNG.java:1049)
	at org.testng.TestNG.run(TestNG.java:1017)
	at org.apache.maven.surefire.testng.TestNGExecutor.run(TestNGExecutor.java:308)
	at org.apache.maven.surefire.testng.TestNGXmlTestSuite.execute(TestNGXmlTestSuite.java:71)
	at org.apache.maven.surefire.testng.TestNGProvider.invoke(TestNGProvider.java:113)
	at org.apache.maven.surefire.booter.ForkedBooter.runSuitesInProcess(ForkedBooter.java:385)
	at org.apache.maven.surefire.booter.ForkedBooter.execute(ForkedBooter.java:162)
	at org.apache.maven.surefire.booter.ForkedBooter.run(ForkedBooter.java:507)
	at org.apache.maven.surefire.booter.ForkedBooter.main(ForkedBooter.java:495)
]]></failure>
  </testcase>
  <testcase name="alertcancel" classname="com.selenium.testng.TestNG_Priority" time="5.958">
    <system-err><![CDATA[1708437829665	Marionette	INFO	Stopped listening on port 58826
JavaScript warning: https://z.moatads.com/zenithglobaloracledcm444268370365/moatad.js#moatClientLevel1=1106306&moatClientLevel2=30994851&moatClientLevel3=385654670&moatClientLevel4=208312844&moatClientSlicer1=6604461&zMoatG=ct=IN&st=&city=7314&dma=0&zp=600096&bw=4&zMoatUSER=0, line 412: Script terminated by timeout at:
Aa@https://z.moatads.com/zenithglobaloracledcm444268370365/moatad.js#moatClientLevel1=1106306&moatClientLevel2=30994851&moatClientLevel3=385654670&moatClientLevel4=208312844&moatClientSlicer1=6604461&zMoatG=ct=IN&st=&city=7314&dma=0&zp=600096&bw=4&zMoatUSER=0:412:283
H@https://z.moatads.com/zenithglobaloracledcm444268370365/moatad.js#moatClientLevel1=1106306&moatClientLevel2=30994851&moatClientLevel3=385654670&moatClientLevel4=208312844&moatClientSlicer1=6604461&zMoatG=ct=IN&st=&city=7314&dma=0&zp=600096&bw=4&zMoatUSER=0:395:360
a.v.a@https://z.moatads.com/zenithglobaloracledcm444268370365/moatad.js#moatClientLevel1=1106306&moatClientLevel2=30994851&moatClientLevel3=385654670&moatClientLevel4=208312844&moatClientSlicer1=6604461&zMoatG=ct=IN&st=&city=7314&dma=0&zp=600096&bw=4&zMoatUSER=0:446:313
a.v.o@https://z.moatads.com/zenithglobaloracledcm444268370365/moatad.js#moatClientLevel1=1106306&moatClientLevel2=30994851&moatClientLevel3=385654670&moatClientLevel4=208312844&moatClientSlicer1=6604461&zMoatG=ct=IN&st=&city=7314&dma=0&zp=600096&bw=4&zMoatUSER=0:442:189
a.am.l@https://z.moatads.com/zenithglobaloracledcm444268370365/moatad.js#moatClientLevel1=1106306&moatClientLevel2=30994851&moatClientLevel3=385654670&moatClientLevel4=208312844&moatClientSlicer1=6604461&zMoatG=ct=IN&st=&city=7314&dma=0&zp=600096&bw=4&zMoatUSER=0:498:26
a.am.t/<@https://z.moatads.com/zenithglobaloracledcm444268370365/moatad.js#moatClientLevel1=1106306&moatClientLevel2=30994851&moatClientLevel3=385654670&moatClientLevel4=208312844&moatClientSlicer1=6604461&zMoatG=ct=IN&st=&city=7314&dma=0&zp=600096&bw=4&zMoatUSER=0:503:505
v/<@https://z.moatads.com/zenithglobaloracledcm444268370365/moatad.js#moatClientLevel1=1106306&moatClientLevel2=30994851&moatClientLevel3=385654670&moatClientLevel4=208312844&moatClientSlicer1=6604461&zMoatG=ct=IN&st=&city=7314&dma=0&zp=600096&bw=4&zMoatUSER=0:14:166
v@https://z.moatads.com/zenithglobaloracledcm444268370365/moatad.js#moatClientLevel1=1106306&moatClientLevel2=30994851&moatClientLevel3=385654670&moatClientLevel4=208312844&moatClientSlicer1=6604461&zMoatG=ct=IN&st=&city=7314&dma=0&zp=600096&bw=4&zMoatUSER=0:14:140
a.am.t@https://z.moatads.com/zenithglobaloracledcm444268370365/moatad.js#moatClientLevel1=1106306&moatClientLevel2=30994851&moatClientLevel3=385654670&moatClientLevel4=208312844&moatClientSlicer1=6604461&zMoatG=ct=IN&st=&city=7314&dma=0&zp=600096&bw=4&zMoatUSER=0:503:247
p/<@https://z.moatads.com/zenithglobaloracledcm444268370365/moatad.js#moatClientLevel1=1106306&moatClientLevel2=30994851&moatClientLevel3=385654670&moatClientLevel4=208312844&moatClientSlicer1=6604461&zMoatG=ct=IN&st=&city=7314&dma=0&zp=600096&bw=4&zMoatUSER=0:468:325
a.am.y/<@https://z.moatads.com/zenithglobaloracledcm444268370365/moatad.js#moatClientLevel1=1106306&moatClientLevel2=30994851&moatClientLevel3=385654670&moatClientLevel4=208312844&moatClientSlicer1=6604461&zMoatG=ct=IN&st=&city=7314&dma=0&zp=600096&bw=4&zMoatUSER=0:507:424
v/<@https://z.moatads.com/zenithglobaloracledcm444268370365/moatad.js#moatClientLevel1=1106306&moatClientLevel2=30994851&moatClientLevel3=385654670&moatClientLevel4=208312844&moatClientSlicer1=6604461&zMoatG=ct=IN&st=&city=7314&dma=0&zp=600096&bw=4&zMoatUSER=0:14:166
v@https://z.moatads.com/zenithglobaloracledcm444268370365/moatad.js#moatClientLevel1=1106306&moatClientLevel2=30994851&moatClientLevel3=385654670&moatClientLevel4=208312844&moatClientSlicer1=6604461&zMoatG=ct=IN&st=&city=7314&dma=0&zp=600096&bw=4&zMoatUSER=0:14:140
a.am.y@https://z.moatads.com/zenithglobaloracledcm444268370365/moatad.js#moatClientLevel1=1106306&moatClientLevel2=30994851&moatClientLevel3=385654670&moatClientLevel4=208312844&moatClientSlicer1=6604461&zMoatG=ct=IN&st=&city=7314&dma=0&zp=600096&bw=4&zMoatUSER=0:507:254
c@https://z.moatads.com/zenithglobaloracledcm444268370365/moatad.js#moatClientLevel1=1106306&moatClientLevel2=30994851&moatClientLevel3=385654670&moatClientLevel4=208312844&moatClientSlicer1=6604461&zMoatG=ct=IN&st=&city=7314&dma=0&zp=600096&bw=4&zMoatUSER=0:537:89
b/<@https://z.moatads.com/zenithglobaloracledcm444268370365/moatad.js#moatClientLevel1=1106306&moatClientLevel2=30994851&moatClientLevel3=385654670&moatClientLevel4=208312844&moatClientSlicer1=6604461&zMoatG=ct=IN&st=&city=7314&dma=0&zp=600096&bw=4&zMoatUSER=0:73:319
v/<@https://z.moatads.com/zenithglobaloracledcm444268370365/moatad.js#moatClientLevel1=1106306&moatClientLevel2=30994851&moatClientLevel3=385654670&moatClientLevel4=208312844&moatClientSlicer1=6604461&zMoatG=ct=IN&st=&city=7314&dma=0&zp=600096&bw=4&zMoatUSER=0:77:357
p/c<@https://z.moatads.com/zenithglobaloracledcm444268370365/moatad.js#moatClientLevel1=1106306&moatClientLevel2=30994851&moatClientLevel3=385654670&moatClientLevel4=208312844&moatClientSlicer1=6604461&zMoatG=ct=IN&st=&city=7314&dma=0&zp=600096&bw=4&zMoatUSER=0:77:149
b/<@https://z.moatads.com/zenithglobaloracledcm444268370365/moatad.js#moatClientLevel1=1106306&moatClientLevel2=30994851&moatClientLevel3=385654670&moatClientLevel4=208312844&moatClientSlicer1=6604461&zMoatG=ct=IN&st=&city=7314&dma=0&zp=600096&bw=4&zMoatUSER=0:73:319

Dynamically enable window occlusion 1
1708437832330	geckodriver	INFO	Listening on 127.0.0.1:47627
1708437832753	mozrunner::runner	INFO	Running command: "C:\\Program Files\\Mozilla Firefox\\firefox.exe" "--marionette" "-no-remote" "-profile" "C:\\Users\\KARENA~1\\AppData\\Local\\Temp\\rust_mozprofile9d2vzI"
console.warn: services.settings: Ignoring preference override of remote settings server
console.warn: services.settings: Allow by setting MOZ_REMOTE_SETTINGS_DEVTOOLS=1 in the environment
1708437833581	Marionette	INFO	Marionette enabled
Dynamically enable window occlusion 0
1708437833837	Marionette	INFO	Listening on port 58900
Read port: 58900
1708437834493	RemoteAgent	WARN	TLS certificate errors will be ignored for this session
Feb 20, 2024 7:33:59 PM org.openqa.selenium.remote.ProtocolHandshake createSession
INFO: Detected dialect: W3C
JavaScript warning: https://z.moatads.com/zenithglobaloracledcm444268370365/moatad.js#moatClientLevel1=1106306&moatClientLevel2=30994851&moatClientLevel3=385654670&moatClientLevel4=208312844&moatClientSlicer1=6604461&zMoatG=ct=IN&st=&city=7314&dma=0&zp=600096&bw=4&zMoatUSER=0, line 329: WEBGL_debug_renderer_info is deprecated in Firefox and will be removed. Please use RENDERER.
JavaScript warning: https://z.moatads.com/zenithglobaloracledcm444268370365/moatad.js#moatClientLevel1=1106306&moatClientLevel2=30994851&moatClientLevel3=385796113&moatClientLevel4=208170304&moatClientSlicer1=6604461&zMoatG=ct=IN&st=&city=7314&dma=0&zp=600096&bw=4&zMoatUSER=0, line 329: WEBGL_debug_renderer_info is deprecated in Firefox and will be removed. Please use RENDERER.
1708437846714	Marionette	WARN	TimedPromise timed out after 500 ms: stacktrace:
TimedPromise/<@chrome://remote/content/marionette/sync.sys.mjs:219:24
TimedPromise@chrome://remote/content/marionette/sync.sys.mjs:203:10
interaction.flushEventLoop@chrome://remote/content/marionette/interaction.sys.mjs:468:10
webdriverClickElement@chrome://remote/content/marionette/interaction.sys.mjs:219:33
]]></system-err>
  </testcase>
  <testcase name="alert_getText" classname="com.selenium.testng.TestNG_Priority" time="5.73">
    <system-out><![CDATA[Please enter your name
]]></system-out>
    <system-err><![CDATA[JavaScript warning: https://pagead2.googlesyndication.com/bg/Ke811GU8D9oP10uMu54EDqWuI5DGCOjC6vNIGcZJ2dY.js line 2 > eval line 5958 > eval line 1 > eval line 1 > eval, line 1: WEBGL_debug_renderer_info is deprecated in Firefox and will be removed. Please use RENDERER.
JavaScript warning: https://pagead2.googlesyndication.com/bg/Ke811GU8D9oP10uMu54EDqWuI5DGCOjC6vNIGcZJ2dY.js line 2 > eval line 3769 > eval line 1 > eval line 1 > eval, line 1: WEBGL_debug_renderer_info is deprecated in Firefox and will be removed. Please use RENDERER.
1708437893290	geckodriver	INFO	Listening on 127.0.0.1:41766
1708437893491	mozrunner::runner	INFO	Running command: "C:\\Program Files\\Mozilla Firefox\\firefox.exe" "--marionette" "-no-remote" "-profile" "C:\\Users\\KARENA~1\\AppData\\Local\\Temp\\rust_mozprofileKJFLJF"
console.warn: services.settings: Ignoring preference override of remote settings server
console.warn: services.settings: Allow by setting MOZ_REMOTE_SETTINGS_DEVTOOLS=1 in the environment
1708437895354	Marionette	INFO	Marionette enabled
Dynamically enable window occlusion 0
1708437895892	Marionette	INFO	Listening on port 59073
Read port: 59073
1708437896841	RemoteAgent	WARN	TLS certificate errors will be ignored for this session
Feb 20, 2024 7:35:01 PM org.openqa.selenium.remote.ProtocolHandshake createSession
INFO: Detected dialect: W3C
1708437906812	Marionette	WARN	TimedPromise timed out after 500 ms: stacktrace:
TimedPromise/<@chrome://remote/content/marionette/sync.sys.mjs:219:24
TimedPromise@chrome://remote/content/marionette/sync.sys.mjs:203:10
interaction.flushEventLoop@chrome://remote/content/marionette/interaction.sys.mjs:468:10
webdriverClickElement@chrome://remote/content/marionette/interaction.sys.mjs:219:33
1708437907109	addons.xpi	ERROR	System addon update list error SyntaxError: XMLHttpRequest.open: 'http://%(server)s/dummy-system-addons.xml' is not a valid URL.
]]></system-err>
  </testcase>
  <testcase name="closebrowser" classname="com.selenium.testng.TestNG_Priority" time="5.787">
    <failure message="Dismissed user prompt dialog: Please enter your name: &#10;Build info: version: &apos;3.141.59&apos;, revision: &apos;e82be7d358&apos;, time: &apos;2018-11-14T08:17:03&apos;&#10;System info: host: &apos;DESKTOP-PJ5JRQT&apos;, ip: &apos;192.168.1.10&apos;, os.name: &apos;Windows 10&apos;, os.arch: &apos;amd64&apos;, os.version: &apos;10.0&apos;, java.version: &apos;1.8.0_251&apos;&#10;Driver info: org.openqa.selenium.firefox.FirefoxDriver&#10;Capabilities {acceptInsecureCerts: true, browserName: firefox, browserVersion: 122.0, javascriptEnabled: true, moz:accessibilityChecks: false, moz:buildID: 20240118164516, moz:geckodriverVersion: 0.34.0, moz:headless: false, moz:platformVersion: 10.0, moz:processID: 15884, moz:profile: C:\Users\KARENA~1\AppData\L..., moz:shutdownTimeout: 60000, moz:webdriverClick: true, moz:windowless: false, pageLoadStrategy: normal, platform: WINDOWS, platformName: WINDOWS, proxy: Proxy(), setWindowRect: true, strictFileInteractability: false, timeouts: {implicit: 0, pageLoad: 300000, script: 30000}, unhandledPromptBehavior: dismiss and notify}&#10;Session ID: c1d11c27-9c80-47a4-98a4-03d8ff736bec" type="org.openqa.selenium.UnhandledAlertException"><![CDATA[org.openqa.selenium.UnhandledAlertException: 
Dismissed user prompt dialog: Please enter your name: 
Build info: version: '3.141.59', revision: 'e82be7d358', time: '2018-11-14T08:17:03'
System info: host: 'DESKTOP-PJ5JRQT', ip: '192.168.1.10', os.name: 'Windows 10', os.arch: 'amd64', os.version: '10.0', java.version: '1.8.0_251'
Driver info: org.openqa.selenium.firefox.FirefoxDriver
Capabilities {acceptInsecureCerts: true, browserName: firefox, browserVersion: 122.0, javascriptEnabled: true, moz:accessibilityChecks: false, moz:buildID: 20240118164516, moz:geckodriverVersion: 0.34.0, moz:headless: false, moz:platformVersion: 10.0, moz:processID: 15884, moz:profile: C:\Users\KARENA~1\AppData\L..., moz:shutdownTimeout: 60000, moz:webdriverClick: true, moz:windowless: false, pageLoadStrategy: normal, platform: WINDOWS, platformName: WINDOWS, proxy: Proxy(), setWindowRect: true, strictFileInteractability: false, timeouts: {implicit: 0, pageLoad: 300000, script: 30000}, unhandledPromptBehavior: dismiss and notify}
Session ID: c1d11c27-9c80-47a4-98a4-03d8ff736bec
	at org.openqa.selenium.remote.http.W3CHttpResponseCodec.decode(W3CHttpResponseCodec.java:120)
	at org.openqa.selenium.remote.http.W3CHttpResponseCodec.decode(W3CHttpResponseCodec.java:49)
	at org.openqa.selenium.remote.HttpCommandExecutor.execute(HttpCommandExecutor.java:158)
	at org.openqa.selenium.remote.service.DriverCommandExecutor.execute(DriverCommandExecutor.java:83)
	at org.openqa.selenium.remote.RemoteWebDriver.execute(RemoteWebDriver.java:552)
	at org.openqa.selenium.remote.RemoteWebDriver.execute(RemoteWebDriver.java:609)
	at org.openqa.selenium.remote.RemoteWebDriver.close(RemoteWebDriver.java:442)
	at com.selenium.testng.TestNG_Priority.closebrowser(TestNG_Priority.java:80)
	at sun.reflect.NativeMethodAccessorImpl.invoke0(Native Method)
	at sun.reflect.NativeMethodAccessorImpl.invoke(NativeMethodAccessorImpl.java:62)
	at sun.reflect.DelegatingMethodAccessorImpl.invoke(DelegatingMethodAccessorImpl.java:43)
	at java.lang.reflect.Method.invoke(Method.java:498)
	at org.testng.internal.MethodInvocationHelper.invokeMethod(MethodInvocationHelper.java:124)
	at org.testng.internal.MethodInvocationHelper.invokeMethodConsideringTimeout(MethodInvocationHelper.java:59)
	at org.testng.internal.Invoker.invokeConfigurationMethod(Invoker.java:458)
	at org.testng.internal.Invoker.invokeConfigurations(Invoker.java:222)
	at org.testng.internal.Invoker.invokeMethod(Invoker.java:646)
	at org.testng.internal.Invoker.invokeTestMethod(Invoker.java:719)
	at org.testng.internal.Invoker.invokeTestMethods(Invoker.java:989)
	at org.testng.internal.TestMethodWorker.invokeTestMethods(TestMethodWorker.java:125)
	at org.testng.internal.TestMethodWorker.run(TestMethodWorker.java:109)
	at org.testng.TestRunner.privateRun(TestRunner.java:648)
	at org.testng.TestRunner.run(TestRunner.java:505)
	at org.testng.SuiteRunner.runTest(SuiteRunner.java:455)
	at org.testng.SuiteRunner.runSequentially(SuiteRunner.java:450)
	at org.testng.SuiteRunner.privateRun(SuiteRunner.java:415)
	at org.testng.SuiteRunner.run(SuiteRunner.java:364)
	at org.testng.SuiteRunnerWorker.runSuite(SuiteRunnerWorker.java:52)
	at org.testng.SuiteRunnerWorker.run(SuiteRunnerWorker.java:84)
	at org.testng.TestNG.runSuitesSequentially(TestNG.java:1208)
	at org.testng.TestNG.runSuitesLocally(TestNG.java:1137)
	at org.testng.TestNG.runSuites(TestNG.java:1049)
	at org.testng.TestNG.run(TestNG.java:1017)
	at org.apache.maven.surefire.testng.TestNGExecutor.run(TestNGExecutor.java:308)
	at org.apache.maven.surefire.testng.TestNGXmlTestSuite.execute(TestNGXmlTestSuite.java:71)
	at org.apache.maven.surefire.testng.TestNGProvider.invoke(TestNGProvider.java:113)
	at org.apache.maven.surefire.booter.ForkedBooter.runSuitesInProcess(ForkedBooter.java:385)
	at org.apache.maven.surefire.booter.ForkedBooter.execute(ForkedBooter.java:162)
	at org.apache.maven.surefire.booter.ForkedBooter.run(ForkedBooter.java:507)
	at org.apache.maven.surefire.booter.ForkedBooter.main(ForkedBooter.java:495)
]]></failure>
  </testcase>
</testsuite>